[2025-06-19T09:30:23.294Z] [ERROR] Uncaught Exception {"message":"listen EADDRINUSE: address already in use :::5000","stack":"Error: listen EADDRINUSE: address already in use :::5000\n    at Server.setupListenHandle [as _listen2] (node:net:1939:16)\n    at listenInCluster (node:net:1996:12)\n    at Server.listen (node:net:2101:7)\n    at Function.listen (C:\\Users\\Mughees-ur-Rehman\\Desktop\\rixdu\\rixdu\\backend\\node_modules\\express\\lib\\application.js:635:24)\n    at file:///C:/Users/Mughees-ur-Rehman/Desktop/rixdu/rixdu/backend/server.js:136:22\n    at ModuleJob.run (node:internal/modules/esm/module_job:274:25)\n    at async onImport.tracePromise.__proto__ (node:internal/modules/esm/loader:644:26)\n    at async asyncRunEntryPointWithESMLoader (node:internal/modules/run_main:98:5)"}
[2025-06-19T09:30:41.753Z] [ERROR] Uncaught Exception {"message":"listen EADDRINUSE: address already in use :::5000","stack":"Error: listen EADDRINUSE: address already in use :::5000\n    at Server.setupListenHandle [as _listen2] (node:net:1939:16)\n    at listenInCluster (node:net:1996:12)\n    at Server.listen (node:net:2101:7)\n    at Function.listen (C:\\Users\\Mughees-ur-Rehman\\Desktop\\rixdu\\rixdu\\backend\\node_modules\\express\\lib\\application.js:635:24)\n    at file:///C:/Users/Mughees-ur-Rehman/Desktop/rixdu/rixdu/backend/server.js:136:22\n    at ModuleJob.run (node:internal/modules/esm/module_job:274:25)\n    at async onImport.tracePromise.__proto__ (node:internal/modules/esm/loader:644:26)\n    at async asyncRunEntryPointWithESMLoader (node:internal/modules/run_main:98:5)"}
[2025-06-26T14:27:38.007Z] [ERROR] Unhandled Rejection {"reason":{},"promise":{}}
[2025-06-26T14:29:23.675Z] [ERROR] Unhandled Rejection {"reason":{},"promise":{}}
[2025-07-12T06:15:57.880Z] [ERROR] Unhandled Rejection {"reason":{},"promise":{}}
[2025-07-12T06:18:38.085Z] [ERROR] Unhandled Rejection {"reason":{},"promise":{}}
[2025-07-12T06:20:21.466Z] [ERROR] Unhandled Rejection {"reason":{},"promise":{}}
[2025-07-12T06:42:04.698Z] [ERROR] Unhandled Rejection {"reason":{},"promise":{}}
[2025-07-12T06:42:04.805Z] [ERROR] Unhandled Rejection {"reason":{},"promise":{}}
[2025-07-12T06:42:19.271Z] [ERROR] Unhandled Rejection {"reason":{},"promise":{}}
[2025-07-12T06:42:19.402Z] [ERROR] Unhandled Rejection {"reason":{},"promise":{}}
[2025-07-12T06:44:11.665Z] [ERROR] Unhandled Rejection {"reason":{},"promise":{}}
[2025-07-12T06:44:11.786Z] [ERROR] Unhandled Rejection {"reason":{},"promise":{}}
[2025-07-12T06:45:31.940Z] [ERROR] Unhandled Rejection {"reason":{},"promise":{}}
[2025-07-12T06:45:31.983Z] [ERROR] Unhandled Rejection {"reason":{},"promise":{}}
[2025-07-12T06:51:30.231Z] [ERROR] Unhandled Rejection {"reason":{},"promise":{}}
[2025-07-12T06:51:30.333Z] [ERROR] Unhandled Rejection {"reason":{},"promise":{}}
[2025-07-12T06:51:44.417Z] [ERROR] Unhandled Rejection {"reason":{},"promise":{}}
[2025-07-12T06:51:44.515Z] [ERROR] Unhandled Rejection {"reason":{},"promise":{}}
[2025-07-12T06:52:26.131Z] [ERROR] Unhandled Rejection {"reason":{},"promise":{}}
[2025-07-12T06:52:26.248Z] [ERROR] Unhandled Rejection {"reason":{},"promise":{}}
[2025-07-12T06:52:44.728Z] [ERROR] Unhandled Rejection {"reason":{},"promise":{}}
[2025-07-12T06:52:44.742Z] [ERROR] Unhandled Rejection {"reason":{},"promise":{}}
[2025-07-12T06:53:04.233Z] [ERROR] Unhandled Rejection {"reason":{},"promise":{}}
[2025-07-12T06:53:04.306Z] [ERROR] Unhandled Rejection {"reason":{},"promise":{}}
[2025-07-12T06:53:21.711Z] [ERROR] Unhandled Rejection {"reason":{},"promise":{}}
[2025-07-12T06:53:21.732Z] [ERROR] Unhandled Rejection {"reason":{},"promise":{}}
[2025-07-12T06:53:21.762Z] [ERROR] Unhandled Rejection {"reason":{},"promise":{}}
[2025-07-12T06:53:25.248Z] [ERROR] Unhandled Rejection {"reason":{},"promise":{}}
[2025-07-12T06:53:25.257Z] [ERROR] Unhandled Rejection {"reason":{},"promise":{}}
[2025-07-12T06:53:25.263Z] [ERROR] Unhandled Rejection {"reason":{},"promise":{}}
[2025-07-12T06:53:26.795Z] [ERROR] Unhandled Rejection {"reason":{},"promise":{}}
[2025-07-12T06:53:27.038Z] [ERROR] Unhandled Rejection {"reason":{},"promise":{}}
[2025-07-12T06:53:27.142Z] [ERROR] Unhandled Rejection {"reason":{},"promise":{}}
[2025-07-12T06:53:27.374Z] [ERROR] Unhandled Rejection {"reason":{},"promise":{}}
[2025-07-12T06:53:27.460Z] [ERROR] Unhandled Rejection {"reason":{},"promise":{}}
[2025-07-12T06:53:27.601Z] [ERROR] Unhandled Rejection {"reason":{},"promise":{}}
[2025-07-12T06:53:28.013Z] [ERROR] Unhandled Rejection {"reason":{},"promise":{}}
[2025-07-12T06:53:28.180Z] [ERROR] Unhandled Rejection {"reason":{},"promise":{}}
[2025-07-12T06:53:28.276Z] [ERROR] Unhandled Rejection {"reason":{},"promise":{}}
[2025-07-12T06:53:28.472Z] [ERROR] Unhandled Rejection {"reason":{},"promise":{}}
[2025-07-12T06:53:28.811Z] [ERROR] Unhandled Rejection {"reason":{},"promise":{}}
[2025-07-12T06:53:29.042Z] [ERROR] Unhandled Rejection {"reason":{},"promise":{}}
[2025-07-12T06:53:29.151Z] [ERROR] Unhandled Rejection {"reason":{},"promise":{}}
[2025-07-12T06:53:29.374Z] [ERROR] Unhandled Rejection {"reason":{},"promise":{}}
[2025-07-12T06:53:29.472Z] [ERROR] Unhandled Rejection {"reason":{},"promise":{}}
[2025-07-12T06:53:29.610Z] [ERROR] Unhandled Rejection {"reason":{},"promise":{}}
[2025-07-12T06:53:30.024Z] [ERROR] Unhandled Rejection {"reason":{},"promise":{}}
[2025-07-12T06:53:30.191Z] [ERROR] Unhandled Rejection {"reason":{},"promise":{}}
[2025-07-12T06:53:30.277Z] [ERROR] Unhandled Rejection {"reason":{},"promise":{}}
[2025-07-12T06:54:07.594Z] [ERROR] Unhandled Rejection {"reason":{},"promise":{}}
[2025-07-12T06:54:07.601Z] [ERROR] Unhandled Rejection {"reason":{},"promise":{}}
[2025-07-12T06:54:34.952Z] [ERROR] Unhandled Rejection {"reason":{},"promise":{}}
[2025-07-12T06:54:34.968Z] [ERROR] Unhandled Rejection {"reason":{},"promise":{}}
[2025-07-12T06:58:14.162Z] [ERROR] Unhandled Rejection {"reason":{},"promise":{}}
[2025-07-12T06:58:14.234Z] [ERROR] Unhandled Rejection {"reason":{},"promise":{}}
[2025-07-12T06:58:28.867Z] [ERROR] Unhandled Rejection {"reason":{},"promise":{}}
[2025-07-12T06:58:28.988Z] [ERROR] Unhandled Rejection {"reason":{},"promise":{}}
[2025-07-12T06:59:51.437Z] [ERROR] Unhandled Rejection {"reason":{},"promise":{}}
[2025-07-12T06:59:51.504Z] [ERROR] Unhandled Rejection {"reason":{},"promise":{}}
[2025-07-12T07:00:15.991Z] [ERROR] Unhandled Rejection {"reason":{},"promise":{}}
[2025-07-12T07:00:16.107Z] [ERROR] Unhandled Rejection {"reason":{},"promise":{}}
[2025-07-12T07:00:31.956Z] [ERROR] Unhandled Rejection {"reason":{},"promise":{}}
[2025-07-12T07:00:32.053Z] [ERROR] Unhandled Rejection {"reason":{},"promise":{}}
[2025-07-12T07:01:57.723Z] [ERROR] Unhandled Rejection {"reason":{},"promise":{}}
[2025-07-12T07:01:57.850Z] [ERROR] Unhandled Rejection {"reason":{},"promise":{}}
[2025-07-12T07:02:01.350Z] [ERROR] Unhandled Rejection {"reason":{},"promise":{}}
[2025-07-12T07:02:01.350Z] [ERROR] Unhandled Rejection {"reason":{},"promise":{}}
[2025-07-12T07:02:03.306Z] [ERROR] Unhandled Rejection {"reason":{},"promise":{}}
[2025-07-12T07:02:03.440Z] [ERROR] Unhandled Rejection {"reason":{},"promise":{}}
[2025-07-12T07:02:05.122Z] [ERROR] Unhandled Rejection {"reason":{},"promise":{}}
[2025-07-12T07:02:05.309Z] [ERROR] Unhandled Rejection {"reason":{},"promise":{}}
[2025-07-12T07:02:05.449Z] [ERROR] Unhandled Rejection {"reason":{},"promise":{}}
[2025-07-12T07:02:05.753Z] [ERROR] Unhandled Rejection {"reason":{},"promise":{}}
[2025-07-12T07:02:06.018Z] [ERROR] Unhandled Rejection {"reason":{},"promise":{}}
[2025-07-12T07:02:06.146Z] [ERROR] Unhandled Rejection {"reason":{},"promise":{}}
[2025-07-12T07:02:06.273Z] [ERROR] Unhandled Rejection {"reason":{},"promise":{}}
[2025-07-12T07:02:07.134Z] [ERROR] Unhandled Rejection {"reason":{},"promise":{}}
[2025-07-12T07:02:07.766Z] [ERROR] Unhandled Rejection {"reason":{},"promise":{}}
[2025-07-12T07:02:08.020Z] [ERROR] Unhandled Rejection {"reason":{},"promise":{}}
[2025-07-12T07:02:08.149Z] [ERROR] Unhandled Rejection {"reason":{},"promise":{}}
[2025-07-12T07:02:08.283Z] [ERROR] Unhandled Rejection {"reason":{},"promise":{}}
[2025-07-12T07:32:58.782Z] [ERROR] Uncaught Exception {"message":"\"[object Object]\" is not valid JSON","stack":"SyntaxError: \"[object Object]\" is not valid JSON\n    at JSON.parse (<anonymous>)\n    at EventEmitter.<anonymous> (file:///C:/Users/Mughees-ur-Rehman/Desktop/rixdu/rixdu/backend/socket/socketHandler.js:27:24)\n    at EventEmitter.emit (node:events:519:35)\n    at DataHandler.handleSubscriberReply (C:\\Users\\Mughees-ur-Rehman\\Desktop\\rixdu\\rixdu\\backend\\node_modules\\ioredis\\built\\DataHandler.js:83:32)\n    at DataHandler.returnReply (C:\\Users\\Mughees-ur-Rehman\\Desktop\\rixdu\\rixdu\\backend\\node_modules\\ioredis\\built\\DataHandler.js:50:18)\n    at JavascriptRedisParser.returnReply (C:\\Users\\Mughees-ur-Rehman\\Desktop\\rixdu\\rixdu\\backend\\node_modules\\ioredis\\built\\DataHandler.js:21:22)\n    at JavascriptRedisParser.execute (C:\\Users\\Mughees-ur-Rehman\\Desktop\\rixdu\\rixdu\\backend\\node_modules\\redis-parser\\lib\\parser.js:544:14)\n    at Socket.<anonymous> (C:\\Users\\Mughees-ur-Rehman\\Desktop\\rixdu\\rixdu\\backend\\node_modules\\ioredis\\built\\DataHandler.js:26:20)\n    at Socket.emit (node:events:507:28)\n    at Readable.read (node:internal/streams/readable:780:10)"}
[2025-07-12T07:32:58.945Z] [ERROR] Uncaught Exception {"message":"\"[object Object]\" is not valid JSON","stack":"SyntaxError: \"[object Object]\" is not valid JSON\n    at JSON.parse (<anonymous>)\n    at EventEmitter.<anonymous> (file:///C:/Users/Mughees-ur-Rehman/Desktop/rixdu/rixdu/backend/socket/socketHandler.js:27:24)\n    at EventEmitter.emit (node:events:519:35)\n    at DataHandler.handleSubscriberReply (C:\\Users\\Mughees-ur-Rehman\\Desktop\\rixdu\\rixdu\\backend\\node_modules\\ioredis\\built\\DataHandler.js:83:32)\n    at DataHandler.returnReply (C:\\Users\\Mughees-ur-Rehman\\Desktop\\rixdu\\rixdu\\backend\\node_modules\\ioredis\\built\\DataHandler.js:50:18)\n    at JavascriptRedisParser.returnReply (C:\\Users\\Mughees-ur-Rehman\\Desktop\\rixdu\\rixdu\\backend\\node_modules\\ioredis\\built\\DataHandler.js:21:22)\n    at JavascriptRedisParser.execute (C:\\Users\\Mughees-ur-Rehman\\Desktop\\rixdu\\rixdu\\backend\\node_modules\\redis-parser\\lib\\parser.js:544:14)\n    at Socket.<anonymous> (C:\\Users\\Mughees-ur-Rehman\\Desktop\\rixdu\\rixdu\\backend\\node_modules\\ioredis\\built\\DataHandler.js:26:20)\n    at Socket.emit (node:events:507:28)\n    at Readable.read (node:internal/streams/readable:780:10)"}
[2025-07-28T11:50:12.479Z] [ERROR] Uncaught Exception {"message":"listen EADDRINUSE: address already in use :::5000","stack":"Error: listen EADDRINUSE: address already in use :::5000\n    at Server.setupListenHandle [as _listen2] (node:net:1939:16)\n    at listenInCluster (node:net:1996:12)\n    at Server.listen (node:net:2101:7)\n    at file:///C:/Users/Mughees-ur-Rehman/Desktop/rixdu/rixdu/backend/server.js:158:10\n    at ModuleJob.run (node:internal/modules/esm/module_job:274:25)\n    at async onImport.tracePromise.__proto__ (node:internal/modules/esm/loader:644:26)\n    at async asyncRunEntryPointWithESMLoader (node:internal/modules/run_main:98:5)"}
[2025-07-29T09:22:21.112Z] [ERROR] Uncaught Exception {"message":"listen EADDRINUSE: address already in use :::5000","stack":"Error: listen EADDRINUSE: address already in use :::5000\n    at Server.setupListenHandle [as _listen2] (node:net:1939:16)\n    at listenInCluster (node:net:1996:12)\n    at Server.listen (node:net:2101:7)\n    at file:///C:/Users/Mughees-ur-Rehman/Desktop/rixdu/rixdu/backend/server.js:158:10\n    at ModuleJob.run (node:internal/modules/esm/module_job:274:25)\n    at async onImport.tracePromise.__proto__ (node:internal/modules/esm/loader:644:26)\n    at async asyncRunEntryPointWithESMLoader (node:internal/modules/run_main:98:5)"}
[2025-07-30T13:52:37.457Z] [ERROR] Uncaught Exception {"message":"listen EADDRINUSE: address already in use :::5000","stack":"Error: listen EADDRINUSE: address already in use :::5000\n    at Server.setupListenHandle [as _listen2] (node:net:1939:16)\n    at listenInCluster (node:net:1996:12)\n    at Server.listen (node:net:2101:7)\n    at file:///C:/Users/Mughees-ur-Rehman/Desktop/rixdu/rixdu/backend/server.js:158:10\n    at ModuleJob.run (node:internal/modules/esm/module_job:274:25)\n    at async onImport.tracePromise.__proto__ (node:internal/modules/esm/loader:644:26)\n    at async asyncRunEntryPointWithESMLoader (node:internal/modules/run_main:98:5)"}
[2025-08-02T12:17:09.524Z] [ERROR] Uncaught Exception {"message":"listen EADDRINUSE: address already in use :::5000","stack":"Error: listen EADDRINUSE: address already in use :::5000\n    at Server.setupListenHandle [as _listen2] (node:net:1939:16)\n    at listenInCluster (node:net:1996:12)\n    at Server.listen (node:net:2101:7)\n    at file:///C:/Users/Mughees-ur-Rehman/Desktop/rixdu/rixdu/backend/server.js:160:10\n    at ModuleJob.run (node:internal/modules/esm/module_job:274:25)\n    at async onImport.tracePromise.__proto__ (node:internal/modules/esm/loader:644:26)\n    at async asyncRunEntryPointWithESMLoader (node:internal/modules/run_main:98:5)"}
[2025-08-04T06:34:33.671Z] [ERROR] Unhandled Rejection {"reason":{"error":{"errno":-3008,"code":"ENOTFOUND","syscall":"getaddrinfo","hostname":"api.cloudinary.com"}},"promise":{"exception":{"error":{"errno":-3008,"code":"ENOTFOUND","syscall":"getaddrinfo","hostname":"api.cloudinary.com"}}}}
[2025-08-06T07:53:16.274Z] [ERROR] Uncaught Exception {"message":"listen EADDRINUSE: address already in use :::5000","stack":"Error: listen EADDRINUSE: address already in use :::5000\n    at Server.setupListenHandle [as _listen2] (node:net:1939:16)\n    at listenInCluster (node:net:1996:12)\n    at Server.listen (node:net:2101:7)\n    at file:///C:/Users/Mughees-ur-Rehman/Desktop/rixdu/rixdu/backend/server.js:160:10\n    at ModuleJob.run (node:internal/modules/esm/module_job:274:25)\n    at async onImport.tracePromise.__proto__ (node:internal/modules/esm/loader:644:26)\n    at async asyncRunEntryPointWithESMLoader (node:internal/modules/run_main:98:5)"}
[2025-08-06T07:56:29.718Z] [ERROR] Uncaught Exception {"message":"listen EADDRINUSE: address already in use :::5000","stack":"Error: listen EADDRINUSE: address already in use :::5000\n    at Server.setupListenHandle [as _listen2] (node:net:1939:16)\n    at listenInCluster (node:net:1996:12)\n    at Server.listen (node:net:2101:7)\n    at file:///C:/Users/Mughees-ur-Rehman/Desktop/rixdu/rixdu/backend/server.js:160:10\n    at ModuleJob.run (node:internal/modules/esm/module_job:274:25)\n    at async onImport.tracePromise.__proto__ (node:internal/modules/esm/loader:644:26)\n    at async asyncRunEntryPointWithESMLoader (node:internal/modules/run_main:98:5)"}
[2025-08-06T07:56:29.800Z] [ERROR] Uncaught Exception {"message":"listen EADDRINUSE: address already in use :::5000","stack":"Error: listen EADDRINUSE: address already in use :::5000\n    at Server.setupListenHandle [as _listen2] (node:net:1939:16)\n    at listenInCluster (node:net:1996:12)\n    at Server.listen (node:net:2101:7)\n    at file:///C:/Users/Mughees-ur-Rehman/Desktop/rixdu/rixdu/backend/server.js:160:10\n    at ModuleJob.run (node:internal/modules/esm/module_job:274:25)\n    at async onImport.tracePromise.__proto__ (node:internal/modules/esm/loader:644:26)\n    at async asyncRunEntryPointWithESMLoader (node:internal/modules/run_main:98:5)"}
[2025-08-06T10:53:34.598Z] [ERROR] Uncaught Exception {"message":"listen EADDRINUSE: address already in use :::5000","stack":"Error: listen EADDRINUSE: address already in use :::5000\n    at Server.setupListenHandle [as _listen2] (node:net:1939:16)\n    at listenInCluster (node:net:1996:12)\n    at Server.listen (node:net:2101:7)\n    at file:///C:/Users/Mughees-ur-Rehman/Desktop/rixdu/rixdu/backend/server.js:160:10\n    at ModuleJob.run (node:internal/modules/esm/module_job:274:25)\n    at async onImport.tracePromise.__proto__ (node:internal/modules/esm/loader:644:26)\n    at async asyncRunEntryPointWithESMLoader (node:internal/modules/run_main:98:5)"}
[2025-08-08T07:12:19.358Z] [ERROR] Uncaught Exception {"message":"listen EADDRINUSE: address already in use :::5000","stack":"Error: listen EADDRINUSE: address already in use :::5000\n    at Server.setupListenHandle [as _listen2] (node:net:1939:16)\n    at listenInCluster (node:net:1996:12)\n    at Server.listen (node:net:2101:7)\n    at file:///C:/Users/Mughees-ur-Rehman/Desktop/rixdu/rixdu/backend/server.js:160:10\n    at ModuleJob.run (node:internal/modules/esm/module_job:274:25)\n    at async onImport.tracePromise.__proto__ (node:internal/modules/esm/loader:644:26)\n    at async asyncRunEntryPointWithESMLoader (node:internal/modules/run_main:98:5)"}
[2025-08-08T07:29:31.826Z] [ERROR] Uncaught Exception {"message":"listen EADDRINUSE: address already in use :::5000","stack":"Error: listen EADDRINUSE: address already in use :::5000\n    at Server.setupListenHandle [as _listen2] (node:net:1939:16)\n    at listenInCluster (node:net:1996:12)\n    at Server.listen (node:net:2101:7)\n    at file:///C:/Users/Mughees-ur-Rehman/Desktop/rixdu/rixdu/backend/server.js:160:10\n    at ModuleJob.run (node:internal/modules/esm/module_job:274:25)\n    at async onImport.tracePromise.__proto__ (node:internal/modules/esm/loader:644:26)\n    at async asyncRunEntryPointWithESMLoader (node:internal/modules/run_main:98:5)"}
[2025-08-08T10:45:55.868Z] [ERROR] Uncaught Exception {"message":"setIo is not defined","stack":"ReferenceError: setIo is not defined\n    at Namespace.<anonymous> (file:///C:/Users/Mughees-ur-Rehman/Desktop/rixdu/rixdu/backend/socket/socketHandler.js:9:5)\n    at Namespace.emit (node:events:507:28)\n    at Namespace.emitReserved (C:\\Users\\Mughees-ur-Rehman\\Desktop\\rixdu\\rixdu\\backend\\node_modules\\socket.io\\dist\\typed-events.js:56:22)\n    at Namespace._doConnect (C:\\Users\\Mughees-ur-Rehman\\Desktop\\rixdu\\rixdu\\backend\\node_modules\\socket.io\\dist\\namespace.js:276:14)\n    at C:\\Users\\Mughees-ur-Rehman\\Desktop\\rixdu\\rixdu\\backend\\node_modules\\socket.io\\dist\\namespace.js:238:22\n    at process.processTicksAndRejections (node:internal/process/task_queues:85:11)"}
[2025-08-12T05:43:32.149Z] [ERROR] Uncaught Exception {"message":"listen EADDRINUSE: address already in use :::5000","stack":"Error: listen EADDRINUSE: address already in use :::5000\n    at Server.setupListenHandle [as _listen2] (node:net:1939:16)\n    at listenInCluster (node:net:1996:12)\n    at Server.listen (node:net:2101:7)\n    at file:///C:/Users/Mughees-ur-Rehman/Desktop/rixdu/rixdu/backend/server.js:171:10\n    at ModuleJob.run (node:internal/modules/esm/module_job:274:25)\n    at async onImport.tracePromise.__proto__ (node:internal/modules/esm/loader:644:26)\n    at async asyncRunEntryPointWithESMLoader (node:internal/modules/run_main:98:5)"}
[2025-08-13T12:01:11.487Z] [ERROR] Uncaught Exception {"message":"listen EADDRINUSE: address already in use :::5000","stack":"Error: listen EADDRINUSE: address already in use :::5000\n    at Server.setupListenHandle [as _listen2] (node:net:1939:16)\n    at listenInCluster (node:net:1996:12)\n    at Server.listen (node:net:2101:7)\n    at file:///C:/Users/Mughees-ur-Rehman/Desktop/rixdu/rixdu/backend/server.js:171:10\n    at ModuleJob.run (node:internal/modules/esm/module_job:274:25)\n    at async onImport.tracePromise.__proto__ (node:internal/modules/esm/loader:644:26)\n    at async asyncRunEntryPointWithESMLoader (node:internal/modules/run_main:98:5)"}
[2025-08-14T12:26:05.203Z] [ERROR] Uncaught Exception {"message":"listen EADDRINUSE: address already in use :::5000","stack":"Error: listen EADDRINUSE: address already in use :::5000\n    at Server.setupListenHandle [as _listen2] (node:net:1939:16)\n    at listenInCluster (node:net:1996:12)\n    at Server.listen (node:net:2101:7)\n    at file:///C:/Users/Mughees-ur-Rehman/Desktop/rixdu/rixdu/backend/server.js:173:10\n    at ModuleJob.run (node:internal/modules/esm/module_job:274:25)\n    at async onImport.tracePromise.__proto__ (node:internal/modules/esm/loader:644:26)\n    at async asyncRunEntryPointWithESMLoader (node:internal/modules/run_main:98:5)"}
[2025-08-14T12:41:27.655Z] [ERROR] Uncaught Exception {"message":"listen EADDRINUSE: address already in use :::5000","stack":"Error: listen EADDRINUSE: address already in use :::5000\n    at Server.setupListenHandle [as _listen2] (node:net:1939:16)\n    at listenInCluster (node:net:1996:12)\n    at Server.listen (node:net:2101:7)\n    at file:///C:/Users/Mughees-ur-Rehman/Desktop/rixdu/rixdu/backend/server.js:173:10\n    at ModuleJob.run (node:internal/modules/esm/module_job:274:25)\n    at async onImport.tracePromise.__proto__ (node:internal/modules/esm/loader:644:26)\n    at async asyncRunEntryPointWithESMLoader (node:internal/modules/run_main:98:5)"}
[2025-08-14T13:13:20.180Z] [ERROR] Uncaught Exception {"message":"listen EADDRINUSE: address already in use :::5000","stack":"Error: listen EADDRINUSE: address already in use :::5000\n    at Server.setupListenHandle [as _listen2] (node:net:1939:16)\n    at listenInCluster (node:net:1996:12)\n    at Server.listen (node:net:2101:7)\n    at file:///C:/Users/Mughees-ur-Rehman/Desktop/rixdu/rixdu/backend/server.js:173:10\n    at ModuleJob.run (node:internal/modules/esm/module_job:274:25)\n    at async onImport.tracePromise.__proto__ (node:internal/modules/esm/loader:644:26)\n    at async asyncRunEntryPointWithESMLoader (node:internal/modules/run_main:98:5)"}
[2025-08-14T13:29:08.665Z] [ERROR] Uncaught Exception {"message":"listen EADDRINUSE: address already in use :::5000","stack":"Error: listen EADDRINUSE: address already in use :::5000\n    at Server.setupListenHandle [as _listen2] (node:net:1939:16)\n    at listenInCluster (node:net:1996:12)\n    at Server.listen (node:net:2101:7)\n    at file:///C:/Users/Mughees-ur-Rehman/Desktop/rixdu/rixdu/backend/server.js:173:10\n    at ModuleJob.run (node:internal/modules/esm/module_job:274:25)\n    at async onImport.tracePromise.__proto__ (node:internal/modules/esm/loader:644:26)\n    at async asyncRunEntryPointWithESMLoader (node:internal/modules/run_main:98:5)"}
[2025-08-14T14:52:16.483Z] [ERROR] Uncaught Exception {"message":"listen EADDRINUSE: address already in use :::5000","stack":"Error: listen EADDRINUSE: address already in use :::5000\n    at Server.setupListenHandle [as _listen2] (node:net:1939:16)\n    at listenInCluster (node:net:1996:12)\n    at Server.listen (node:net:2101:7)\n    at file:///C:/Users/Mughees-ur-Rehman/Desktop/rixdu/rixdu/backend/server.js:173:10\n    at ModuleJob.run (node:internal/modules/esm/module_job:274:25)\n    at async onImport.tracePromise.__proto__ (node:internal/modules/esm/loader:644:26)\n    at async asyncRunEntryPointWithESMLoader (node:internal/modules/run_main:98:5)"}
[2025-08-14T14:53:51.444Z] [ERROR] Uncaught Exception {"message":"listen EADDRINUSE: address already in use :::5000","stack":"Error: listen EADDRINUSE: address already in use :::5000\n    at Server.setupListenHandle [as _listen2] (node:net:1939:16)\n    at listenInCluster (node:net:1996:12)\n    at Server.listen (node:net:2101:7)\n    at file:///C:/Users/Mughees-ur-Rehman/Desktop/rixdu/rixdu/backend/server.js:173:10\n    at ModuleJob.run (node:internal/modules/esm/module_job:274:25)\n    at async onImport.tracePromise.__proto__ (node:internal/modules/esm/loader:644:26)\n    at async asyncRunEntryPointWithESMLoader (node:internal/modules/run_main:98:5)"}
[2025-08-14T14:53:51.444Z] [ERROR] Uncaught Exception {"message":"listen EADDRINUSE: address already in use :::5000","stack":"Error: listen EADDRINUSE: address already in use :::5000\n    at Server.setupListenHandle [as _listen2] (node:net:1939:16)\n    at listenInCluster (node:net:1996:12)\n    at Server.listen (node:net:2101:7)\n    at file:///C:/Users/Mughees-ur-Rehman/Desktop/rixdu/rixdu/backend/server.js:173:10\n    at ModuleJob.run (node:internal/modules/esm/module_job:274:25)\n    at async onImport.tracePromise.__proto__ (node:internal/modules/esm/loader:644:26)\n    at async asyncRunEntryPointWithESMLoader (node:internal/modules/run_main:98:5)"}
[2025-08-14T14:54:22.979Z] [ERROR] Uncaught Exception {"message":"listen EADDRINUSE: address already in use :::5000","stack":"Error: listen EADDRINUSE: address already in use :::5000\n    at Server.setupListenHandle [as _listen2] (node:net:1939:16)\n    at listenInCluster (node:net:1996:12)\n    at Server.listen (node:net:2101:7)\n    at file:///C:/Users/Mughees-ur-Rehman/Desktop/rixdu/rixdu/backend/server.js:173:10\n    at ModuleJob.run (node:internal/modules/esm/module_job:274:25)\n    at async onImport.tracePromise.__proto__ (node:internal/modules/esm/loader:644:26)\n    at async asyncRunEntryPointWithESMLoader (node:internal/modules/run_main:98:5)"}
[2025-08-14T14:54:23.018Z] [ERROR] Uncaught Exception {"message":"listen EADDRINUSE: address already in use :::5000","stack":"Error: listen EADDRINUSE: address already in use :::5000\n    at Server.setupListenHandle [as _listen2] (node:net:1939:16)\n    at listenInCluster (node:net:1996:12)\n    at Server.listen (node:net:2101:7)\n    at file:///C:/Users/Mughees-ur-Rehman/Desktop/rixdu/rixdu/backend/server.js:173:10\n    at ModuleJob.run (node:internal/modules/esm/module_job:274:25)\n    at async onImport.tracePromise.__proto__ (node:internal/modules/esm/loader:644:26)\n    at async asyncRunEntryPointWithESMLoader (node:internal/modules/run_main:98:5)"}
[2025-08-14T15:02:38.715Z] [ERROR] Uncaught Exception {"message":"listen EADDRINUSE: address already in use :::5000","stack":"Error: listen EADDRINUSE: address already in use :::5000\n    at Server.setupListenHandle [as _listen2] (node:net:1939:16)\n    at listenInCluster (node:net:1996:12)\n    at Server.listen (node:net:2101:7)\n    at file:///C:/Users/Mughees-ur-Rehman/Desktop/rixdu/rixdu/backend/server.js:173:10\n    at ModuleJob.run (node:internal/modules/esm/module_job:274:25)\n    at async onImport.tracePromise.__proto__ (node:internal/modules/esm/loader:644:26)\n    at async asyncRunEntryPointWithESMLoader (node:internal/modules/run_main:98:5)"}
[2025-08-20T12:45:52.068Z] [ERROR] Unhandled Rejection {"reason":{"error":{"message":"Request Timeout","http_code":499,"name":"TimeoutError"}},"promise":{"exception":{"error":{"message":"Request Timeout","http_code":499,"name":"TimeoutError"}}}}
[2025-08-20T12:45:52.064Z] [ERROR] Unhandled Rejection {"reason":{"error":{"message":"Request Timeout","http_code":499,"name":"TimeoutError"}},"promise":{"exception":{"error":{"message":"Request Timeout","http_code":499,"name":"TimeoutError"}}}}
[2025-08-20T12:45:52.070Z] [ERROR] Unhandled Rejection {"reason":{"error":{"message":"Request Timeout","http_code":499,"name":"TimeoutError"}},"promise":{"exception":{"error":{"message":"Request Timeout","http_code":499,"name":"TimeoutError"}}}}
[2025-08-20T12:45:52.069Z] [ERROR] Unhandled Rejection {"reason":{"error":{"message":"Request Timeout","http_code":499,"name":"TimeoutError"}},"promise":{"exception":{"error":{"message":"Request Timeout","http_code":499,"name":"TimeoutError"}}}}
[2025-08-20T12:45:52.071Z] [ERROR] Unhandled Rejection {"reason":{"error":{"message":"Request Timeout","http_code":499,"name":"TimeoutError"}},"promise":{"exception":{"error":{"message":"Request Timeout","http_code":499,"name":"TimeoutError"}}}}
[2025-08-20T12:50:34.271Z] [ERROR] Unhandled Rejection {"reason":{"error":{"message":"Request Timeout","http_code":499,"name":"TimeoutError"}},"promise":{"exception":{"error":{"message":"Request Timeout","http_code":499,"name":"TimeoutError"}}}}
[2025-08-22T08:45:58.955Z] [ERROR] Uncaught Exception {"message":"listen EADDRINUSE: address already in use :::5000","stack":"Error: listen EADDRINUSE: address already in use :::5000\n    at Server.setupListenHandle [as _listen2] (node:net:1939:16)\n    at listenInCluster (node:net:1996:12)\n    at Server.listen (node:net:2101:7)\n    at file:///D:/rixdu/rixdu/backend/server.js:173:10\n    at ModuleJob.run (node:internal/modules/esm/module_job:274:25)\n    at async onImport.tracePromise.__proto__ (node:internal/modules/esm/loader:644:26)\n    at async asyncRunEntryPointWithESMLoader (node:internal/modules/run_main:98:5)"}
[2025-09-02T14:09:27.963Z] [ERROR] Uncaught Exception {"message":"listen EADDRINUSE: address already in use :::5000","stack":"Error: listen EADDRINUSE: address already in use :::5000\n    at Server.setupListenHandle [as _listen2] (node:net:1908:16)\n    at listenInCluster (node:net:1965:12)\n    at Server.listen (node:net:2067:7)\n    at file:///D:/rixdu/rixdu/backend/server.js:177:10\n    at process.processTicksAndRejections (node:internal/process/task_queues:95:5)"}
[2025-09-29T10:47:06.914Z] [ERROR] Uncaught Exception {"message":"listen EADDRINUSE: address already in use :::5000","stack":"Error: listen EADDRINUSE: address already in use :::5000\n    at Server.setupListenHandle [as _listen2] (node:net:1939:16)\n    at listenInCluster (node:net:1996:12)\n    at Server.listen (node:net:2101:7)\n    at file:///D:/rixdu/rixdu/backend/server.js:205:10\n    at process.processTicksAndRejections (node:internal/process/task_queues:105:5)"}
[2025-09-29T10:47:22.137Z] [ERROR] Uncaught Exception {"message":"listen EADDRINUSE: address already in use :::5000","stack":"Error: listen EADDRINUSE: address already in use :::5000\n    at Server.setupListenHandle [as _listen2] (node:net:1939:16)\n    at listenInCluster (node:net:1996:12)\n    at Server.listen (node:net:2101:7)\n    at file:///D:/rixdu/rixdu/backend/server.js:205:10\n    at process.processTicksAndRejections (node:internal/process/task_queues:105:5)"}
